Log file open, 03/31/19 03:02:31
LogWindows: Failed to load 'aqProf.dll' (GetLastError=126)
LogWindows: File 'aqProf.dll' does not exist
LogWindows: Failed to load 'VtuneApi.dll' (GetLastError=126)
LogWindows: File 'VtuneApi.dll' does not exist
LogWindows: Failed to load 'VtuneApi32e.dll' (GetLastError=126)
LogWindows: File 'VtuneApi32e.dll' does not exist
LogConsoleResponse: Display: Failed to find resolution value strings in scalability ini. Falling back to default.
LogInit: Display: Running engine for game: MyProject3B
LogPakFile: Registered encryption key '00000000000000000000000000000000': 0 pak files mounted, 0 remain pending
LogPlatformFile: Not using cached read wrapper
LogTaskGraph: Started task graph with 5 named threads and 14 total threads with 3 sets of task threads.
LogStats: Stats thread started at 0.252399
LogD3D11RHI: Loaded GFSDK_Aftermath_Lib.x64.dll
LogICUInternationalization: ICU TimeZone Detection - Raw Offset: -5:00, Platform Override: ''
LogPluginManager: Mounting plugin Paper2D
LogPluginManager: Mounting plugin AISupport
LogPluginManager: Mounting plugin LightPropagationVolume
LogPluginManager: Mounting plugin ActorLayerUtilities
LogPluginManager: Mounting plugin CLionSourceCodeAccess
LogPluginManager: Mounting plugin CodeLiteSourceCodeAccess
LogPluginManager: Mounting plugin GitSourceControl
LogPluginManager: Mounting plugin KDevelopSourceCodeAccess
LogPluginManager: Mounting plugin NullSourceCodeAccess
LogPluginManager: Mounting plugin PerforceSourceControl
LogPluginManager: Mounting plugin SubversionSourceControl
LogPluginManager: Mounting plugin UObjectPlugin
LogPluginManager: Mounting plugin VisualStudioCodeSourceCodeAccess
LogPluginManager: Mounting plugin VisualStudioSourceCodeAccess
LogPluginManager: Mounting plugin XCodeSourceCodeAccess
LogPluginManager: Mounting plugin AssetManagerEditor
LogPluginManager: Mounting plugin CryptoKeys
LogPluginManager: Mounting plugin DataValidation
LogPluginManager: Mounting plugin FacialAnimation
LogPluginManager: Mounting plugin GameplayTagsEditor
LogPluginManager: Mounting plugin MacGraphicsSwitching
LogPluginManager: Mounting plugin MeshEditor
LogPluginManager: Mounting plugin MobileLauncherProfileWizard
LogPluginManager: Mounting plugin PluginBrowser
LogPluginManager: Mounting plugin SpeedTreeImporter
LogPluginManager: Mounting plugin DatasmithContent
LogPluginManager: Mounting plugin VariantManagerContent
LogPluginManager: Mounting plugin AlembicImporter
LogPluginManager: Mounting plugin AppleImageUtils
LogPluginManager: Mounting plugin AppleVision
LogPluginManager: Mounting plugin BackChannel
LogPluginManager: Mounting plugin CharacterAI
LogPluginManager: Mounting plugin GeometryCache
LogPluginManager: Mounting plugin HTML5Networking
LogPluginManager: Mounting plugin ProxyLODPlugin
LogPluginManager: Mounting plugin MagicLeap
LogPluginManager: Mounting plugin MagicLeapMedia
LogPluginManager: Mounting plugin AndroidMedia
LogPluginManager: Mounting plugin AvfMedia
LogPluginManager: Mounting plugin ImgMedia
LogPluginManager: Mounting plugin LinearTimecode
LogPluginManager: Mounting plugin MediaCompositing
LogPluginManager: Mounting plugin MediaPlayerEditor
LogPluginManager: Mounting plugin WebMMedia
LogPluginManager: Mounting plugin WmfMedia
LogPluginManager: Mounting plugin TcpMessaging
LogPluginManager: Mounting plugin UdpMessaging
LogPluginManager: Mounting plugin ActorSequence
LogPluginManager: Mounting plugin LevelSequenceEditor
LogPluginManager: Mounting plugin MatineeToLevelSequence
LogPluginManager: Mounting plugin NetcodeUnitTest
LogPluginManager: Mounting plugin NUTUnrealEngine4
LogPluginManager: Mounting plugin OnlineSubsystemGooglePlay
LogPluginManager: Mounting plugin OnlineSubsystemIOS
LogPluginManager: Mounting plugin OnlineSubsystem
LogPluginManager: Mounting plugin OnlineSubsystemNull
LogPluginManager: Mounting plugin OnlineSubsystemUtils
LogPluginManager: Mounting plugin LauncherChunkInstaller
LogPluginManager: Mounting plugin AndroidDeviceProfileSelector
LogPluginManager: Mounting plugin AndroidMoviePlayer
LogPluginManager: Mounting plugin AndroidPermission
LogPluginManager: Mounting plugin AppleMoviePlayer
LogPluginManager: Mounting plugin ArchVisCharacter
LogPluginManager: Mounting plugin AudioCapture
LogPluginManager: Mounting plugin CableComponent
LogPluginManager: Mounting plugin CustomMeshComponent
LogPluginManager: Mounting plugin EditableMesh
LogPluginManager: Mounting plugin ExampleDeviceProfileSelector
LogPluginManager: Mounting plugin Firebase
LogPluginManager: Mounting plugin GoogleCloudMessaging
LogPluginManager: Mounting plugin IOSDeviceProfileSelector
LogPluginManager: Mounting plugin LinuxDeviceProfileSelector
LogPluginManager: Mounting plugin LocationServicesBPLibrary
LogPluginManager: Mounting plugin MobilePatchingUtils
LogPluginManager: Mounting plugin OculusVR
LogPluginManager: Mounting plugin PhysXVehicles
LogPluginManager: Mounting plugin ProceduralMeshComponent
LogPluginManager: Mounting plugin RuntimePhysXCooking
LogPluginManager: Mounting plugin SteamVR
LogPluginManager: Mounting plugin WebMMoviePlayer
LogPluginManager: Mounting plugin WindowsMoviePlayer
LogStreaming: Display: Took  0.247s to configure plugins.
LogInit: Using libcurl 7.55.1-DEV
LogInit:  - built for x86_64-pc-win32
LogInit:  - supports SSL with OpenSSL/1.0.2h
LogInit:  - supports HTTP deflate (compression) using libz 1.2.8
LogInit:  - other features:
LogInit:      CURL_VERSION_SSL
LogInit:      CURL_VERSION_LIBZ
LogInit:      CURL_VERSION_IPV6
LogInit:      CURL_VERSION_ASYNCHDNS
LogInit:      CURL_VERSION_LARGEFILE
LogInit:      CURL_VERSION_IDN
LogInit:  CurlRequestOptions (configurable via config and command line):
LogInit:  - bVerifyPeer = true  - Libcurl will verify peer certificate
LogInit:  - bUseHttpProxy = false  - Libcurl will NOT use HTTP proxy
LogInit:  - bDontReuseConnections = false  - Libcurl will reuse connections
LogInit:  - MaxHostConnections = 16  - Libcurl will limit the number of connections to a host
LogInit:  - LocalHostAddr = Default
LogInit:  - BufferSize = 65536
LogInit: WinSock: version 1.1 (2.2), MaxSocks=32767, MaxUdp=65467
LogInit: Build: ++UE4+Release-4.21-CL-4613538
LogInit: Engine Version: 4.21.1-4613538+++UE4+Release-4.21
LogInit: Compatible Engine Version: 4.21.0-4541578+++UE4+Release-4.21
LogInit: Net CL: 4541578
LogInit: OS: Windows 10 (), CPU: Intel(R) Core(TM) i5-6400 CPU @ 2.70GHz, GPU: Intel(R) HD Graphics 530
LogInit: Compiled (64-bit): Nov 30 2018 04:13:25
LogInit: Compiled with Visual C++: 19.13.26129.00
LogInit: Build Configuration: Development
LogInit: Branch Name: ++UE4+Release-4.21
LogInit: Command Line:  -EpicPortal -epicusername=jonathangreco -epicuserid=dddc125db943474d9ceb48a9becdd423 -epiclocale=en-US
LogInit: Base Directory: C:/Program Files/Epic Games/UE_4.21/Engine/Binaries/Win64/
LogInit: Installed Engine Build: 1
LogDevObjectVersion: Number of dev versions registered: 22
LogDevObjectVersion:   Dev-Blueprints (B0D832E4-1F89-4F0D-ACCF-7EB736FD4AA2): 10
LogDevObjectVersion:   Dev-Build (E1C64328-A22C-4D53-A36C-8E866417BD8C): 0
LogDevObjectVersion:   Dev-Core (375EC13C-06E4-48FB-B500-84F0262A717E): 2
LogDevObjectVersion:   Dev-Editor (E4B068ED-F494-42E9-A231-DA0B2E46BB41): 26
LogDevObjectVersion:   Dev-Framework (CFFC743F-43B0-4480-9391-14DF171D2073): 34
LogDevObjectVersion:   Dev-Mobile (B02B49B5-BB20-44E9-A304-32B752E40360): 2
LogDevObjectVersion:   Dev-Networking (A4E4105C-59A1-49B5-A7C5-40C4547EDFEE): 0
LogDevObjectVersion:   Dev-Online (39C831C9-5AE6-47DC-9A44-9C173E1C8E7C): 0
LogDevObjectVersion:   Dev-Physics (78F01B33-EBEA-4F98-B9B4-84EACCB95AA2): 0
LogDevObjectVersion:   Dev-Platform (6631380F-2D4D-43E0-8009-CF276956A95A): 0
LogDevObjectVersion:   Dev-Rendering (12F88B9F-8875-4AFC-A67C-D90C383ABD29): 27
LogDevObjectVersion:   Dev-Sequencer (7B5AE74C-D270-4C10-A958-57980B212A5A): 9
LogDevObjectVersion:   Dev-VR (D7296918-1DD6-4BDD-9DE2-64A83CC13884): 2
LogDevObjectVersion:   Dev-LoadTimes (C2A15278-BFE7-4AFE-6C17-90FF531DF755): 1
LogDevObjectVersion:   Private-Geometry (6EACA3D4-40EC-4CC1-B786-8BED09428FC5): 3
LogDevObjectVersion:   Dev-AnimPhys (29E575DD-E0A3-4627-9D10-D276232CDCEA): 17
LogDevObjectVersion:   Dev-Anim (AF43A65D-7FD3-4947-9873-3E8ED9C1BB05): 2
LogDevObjectVersion:   Dev-ReflectionCapture (6B266CEC-1EC7-4B8F-A30B-E4D90942FC07): 1
LogDevObjectVersion:   Dev-Automation (0DF73D61-A23F-47EA-B727-89E90C41499A): 1
LogDevObjectVersion:   FortniteMain (601D1886-AC64-4F84-AA16-D3DE0DEAC7D6): 17
LogDevObjectVersion:   Dev-Enterprise (9DFFBCD6-494F-0158-E221-12823C92A888): 4
LogDevObjectVersion:   Dev-Niagara (F2AED0AC-9AFE-416F-8664-AA7FFA26D6FC): 1
LogStreaming: Display: Took  0.031s to delete old logs.
LogInit: Presizing for max 8388607 objects, including 0 objects not considered by GC, pre-allocating 0 bytes for permanent pool.
LogInit: Object subsystem initialized
LogConfig: Setting CVar [[con.DebugEarlyDefault:1]]
LogConfig: Setting CVar [[r.setres:1280x720]]
[2019.03.31-07.02.32:310][  0]LogConfig: Setting CVar [[r.VSync:0]]
[2019.03.31-07.02.32:310][  0]LogConfig: Setting CVar [[r.RHICmdBypass:0]]
[2019.03.31-07.02.32:310][  0]LogConfig: Applying CVar settings from Section [/Script/Engine.RendererSettings] File [C:/Users/jonat/Documents/Unreal Projects/MyProject3B/Saved/Config/Windows/Engine.ini]
[2019.03.31-07.02.32:311][  0]LogConfig: Setting CVar [[r.GPUCrashDebugging:0]]
[2019.03.31-07.02.32:311][  0]LogConfig: Setting CVar [[r.MobileHDR:1]]
[2019.03.31-07.02.32:311][  0]LogConfig: Setting CVar [[r.Mobile.DisableVertexFog:1]]
[2019.03.31-07.02.32:311][  0]LogConfig: Setting CVar [[r.Shadow.CSM.MaxMobileCascades:2]]
[2019.03.31-07.02.32:311][  0]LogConfig: Setting CVar [[r.MobileMSAA:1]]
[2019.03.31-07.02.32:311][  0]LogConfig: Setting CVar [[r.Mobile.UseLegacyShadingModel:0]]
[2019.03.31-07.02.32:311][  0]LogConfig: Setting CVar [[r.Mobile.AllowDitheredLODTransition:0]]
[2019.03.31-07.02.32:311][  0]LogConfig: Setting CVar [[r.Mobile.AllowSoftwareOcclusion:0]]
[2019.03.31-07.02.32:311][  0]LogConfig: Setting CVar [[r.DiscardUnusedQuality:0]]
[2019.03.31-07.02.32:311][  0]LogConfig: Setting CVar [[r.AllowOcclusionQueries:1]]
[2019.03.31-07.02.32:311][  0]LogConfig: Setting CVar [[r.MinScreenRadiusForLights:0.030000]]
[2019.03.31-07.02.32:311][  0]LogConfig: Setting CVar [[r.MinScreenRadiusForDepthPrepass:0.030000]]
[2019.03.31-07.02.32:311][  0]LogConfig: Setting CVar [[r.MinScreenRadiusForCSMDepth:0.010000]]
[2019.03.31-07.02.32:311][  0]LogConfig: Setting CVar [[r.PrecomputedVisibilityWarning:0]]
[2019.03.31-07.02.32:311][  0]LogConfig: Setting CVar [[r.TextureStreaming:1]]
[2019.03.31-07.02.32:311][  0]LogConfig: Setting CVar [[Compat.UseDXT5NormalMaps:0]]
[2019.03.31-07.02.32:311][  0]LogConfig: Setting CVar [[r.ClearCoatNormal:0]]
[2019.03.31-07.02.32:311][  0]LogConfig: Setting CVar [[r.ReflectionCaptureResolution:128]]
[2019.03.31-07.02.32:311][  0]LogConfig: Setting CVar [[r.ReflectionEnvironmentLightmapMixBasedOnRoughness:1]]
[2019.03.31-07.02.32:311][  0]LogConfig: Setting CVar [[r.ForwardShading:0]]
[2019.03.31-07.02.32:311][  0]LogConfig: Setting CVar [[r.VertexFoggingForOpaque:1]]
[2019.03.31-07.02.32:311][  0]LogConfig: Setting CVar [[r.AllowStaticLighting:1]]
[2019.03.31-07.02.32:311][  0]LogConfig: Setting CVar [[r.NormalMapsForStaticLighting:0]]
[2019.03.31-07.02.32:311][  0]LogConfig: Setting CVar [[r.GenerateMeshDistanceFields:0]]
[2019.03.31-07.02.32:311][  0]LogConfig: Setting CVar [[r.DistanceFieldBuild.EightBit:0]]
[2019.03.31-07.02.32:311][  0]LogConfig: Setting CVar [[r.GenerateLandscapeGIData:0]]
[2019.03.31-07.02.32:311][  0]LogConfig: Setting CVar [[r.DistanceFieldBuild.Compress:0]]
[2019.03.31-07.02.32:311][  0]LogConfig: Setting CVar [[r.TessellationAdaptivePixelsPerTriangle:48.000000]]
[2019.03.31-07.02.32:311][  0]LogConfig: Setting CVar [[r.SeparateTranslucency:1]]
[2019.03.31-07.02.32:311][  0]LogConfig: Setting CVar [[r.TranslucentSortPolicy:0]]
[2019.03.31-07.02.32:311][  0]LogConfig: Setting CVar [[r.CustomDepth:1]]
[2019.03.31-07.02.32:311][  0]LogConfig: Setting CVar [[r.CustomDepthTemporalAAJitter:1]]
[2019.03.31-07.02.32:311][  0]LogConfig: Setting CVar [[r.PostProcessing.PropagateAlpha:0]]
[2019.03.31-07.02.32:311][  0]LogConfig: Setting CVar [[r.DOF.Algorithm:1]]
[2019.03.31-07.02.32:311][  0]LogConfig: Setting CVar [[r.DefaultFeature.Bloom:1]]
[2019.03.31-07.02.32:311][  0]LogConfig: Setting CVar [[r.DefaultFeature.AmbientOcclusion:1]]
[2019.03.31-07.02.32:311][  0]LogConfig: Setting CVar [[r.DefaultFeature.AmbientOcclusionStaticFraction:1]]
[2019.03.31-07.02.32:311][  0]LogConfig: Setting CVar [[r.DefaultFeature.AutoExposure:1]]
[2019.03.31-07.02.32:311][  0]LogConfig: Setting CVar [[r.DefaultFeature.AutoExposure.Method:0]]
[2019.03.31-07.02.32:311][  0]LogConfig: Setting CVar [[r.DefaultFeature.AutoExposure.ExtendDefaultLuminanceRange:0]]
[2019.03.31-07.02.32:311][  0]LogConfig: Setting CVar [[r.UsePreExposure:0]]
[2019.03.31-07.02.32:311][  0]LogConfig: Setting CVar [[r.DefaultFeature.MotionBlur:1]]
[2019.03.31-07.02.32:311][  0]LogConfig: Setting CVar [[r.DefaultFeature.LensFlare:0]]
[2019.03.31-07.02.32:311][  0]LogConfig: Setting CVar [[r.TemporalAA.Upsampling:0]]
[2019.03.31-07.02.32:311][  0]LogConfig: Setting CVar [[r.DefaultFeature.AntiAliasing:2]]
[2019.03.31-07.02.32:311][  0]LogConfig: Setting CVar [[r.DefaultFeature.LightUnits:1]]
[2019.03.31-07.02.32:311][  0]LogConfig: Setting CVar [[r.DefaultBackBufferPixelFormat:4]]
[2019.03.31-07.02.32:311][  0]LogConfig: Setting CVar [[r.Shadow.UnbuiltPreviewInGame:1]]
[2019.03.31-07.02.32:311][  0]LogConfig: Setting CVar [[r.StencilForLODDither:0]]
[2019.03.31-07.02.32:311][  0]LogConfig: Setting CVar [[r.EarlyZPass:3]]
[2019.03.31-07.02.32:311][  0]LogConfig: Setting CVar [[r.EarlyZPassMovable:1]]
[2019.03.31-07.02.32:311][  0]LogConfig: Setting CVar [[r.EarlyZPassOnlyMaterialMasking:0]]
[2019.03.31-07.02.32:311][  0]LogConfig: Setting CVar [[r.DBuffer:1]]
[2019.03.31-07.02.32:311][  0]LogConfig: Setting CVar [[r.ClearSceneMethod:1]]
[2019.03.31-07.02.32:311][  0]LogConfig: Setting CVar [[r.BasePassOutputsVelocity:0]]
[2019.03.31-07.02.32:311][  0]LogConfig: Setting CVar [[r.SelectiveBasePassOutputs:0]]
[2019.03.31-07.02.32:311][  0]LogConfig: Setting CVar [[fx.GPUSimulationTextureSizeX:1024]]
[2019.03.31-07.02.32:311][  0]LogConfig: Setting CVar [[fx.GPUSimulationTextureSizeY:1024]]
[2019.03.31-07.02.32:311][  0]LogConfig: Setting CVar [[r.AllowGlobalClipPlane:0]]
[2019.03.31-07.02.32:311][  0]LogConfig: Setting CVar [[r.GBufferFormat:1]]
[2019.03.31-07.02.32:311][  0]LogConfig: Setting CVar [[r.MorphTarget.Mode:1]]
[2019.03.31-07.02.32:311][  0]LogConfig: Setting CVar [[vr.InstancedStereo:0]]
[2019.03.31-07.02.32:312][  0]LogConfig: Setting CVar [[vr.MultiView:0]]
[2019.03.31-07.02.32:312][  0]LogConfig: Setting CVar [[vr.MobileMultiView:0]]
[2019.03.31-07.02.32:312][  0]LogConfig: Setting CVar [[vr.MobileMultiView.Direct:0]]
[2019.03.31-07.02.32:312][  0]LogConfig: Setting CVar [[vr.MonoscopicFarField:0]]
[2019.03.31-07.02.32:312][  0]LogConfig: Setting CVar [[vr.RoundRobinOcclusion:0]]
[2019.03.31-07.02.32:312][  0]LogConfig: Setting CVar [[vr.ODSCapture:0]]
[2019.03.31-07.02.32:312][  0]LogConfig: Setting CVar [[r.WireframeCullThreshold:5.000000]]
[2019.03.31-07.02.32:312][  0]LogConfig: Setting CVar [[r.SupportStationarySkylight:1]]
[2019.03.31-07.02.32:312][  0]LogConfig: Setting CVar [[r.SupportLowQualityLightmaps:1]]
[2019.03.31-07.02.32:312][  0]LogConfig: Setting CVar [[r.SupportPointLightWholeSceneShadows:1]]
[2019.03.31-07.02.32:312][  0]LogConfig: Setting CVar [[r.SupportAtmosphericFog:1]]
[2019.03.31-07.02.32:312][  0]LogConfig: Setting CVar [[r.SkinCache.CompileShaders:0]]
[2019.03.31-07.02.32:312][  0]LogConfig: Setting CVar [[r.Mobile.EnableStaticAndCSMShadowReceivers:1]]
[2019.03.31-07.02.32:312][  0]LogConfig: Setting CVar [[r.Mobile.EnableMovableLightCSMShaderCulling:1]]
[2019.03.31-07.02.32:312][  0]LogConfig: Setting CVar [[r.Mobile.AllowDistanceFieldShadows:1]]
[2019.03.31-07.02.32:312][  0]LogConfig: Setting CVar [[r.Mobile.AllowMovableDirectionalLights:1]]
[2019.03.31-07.02.32:312][  0]LogConfig: Setting CVar [[r.MobileNumDynamicPointLights:4]]
[2019.03.31-07.02.32:312][  0]LogConfig: Setting CVar [[r.MobileDynamicPointLightsUseStaticBranch:1]]
[2019.03.31-07.02.32:312][  0]LogConfig: Setting CVar [[r.SkinCache.SceneMemoryLimitInMB:128.000000]]
[2019.03.31-07.02.32:312][  0]LogConfig: Setting CVar [[r.GPUSkin.Limit2BoneInfluences:0]]
[2019.03.31-07.02.32:312][  0]LogConfig: Setting CVar [[r.SupportDepthOnlyIndexBuffers:1]]
[2019.03.31-07.02.32:312][  0]LogConfig: Setting CVar [[r.SupportReversedIndexBuffers:1]]
[2019.03.31-07.02.32:312][  0]LogConfig: Setting CVar [[r.SupportMaterialLayers:0]]
[2019.03.31-07.02.32:312][  0]LogConfig: Applying CVar settings from Section [/Script/Engine.RendererOverrideSettings] File [C:/Users/jonat/Documents/Unreal Projects/MyProject3B/Saved/Config/Windows/Engine.ini]
[2019.03.31-07.02.32:312][  0]LogConfig: Applying CVar settings from Section [/Script/Engine.StreamingSettings] File [C:/Users/jonat/Documents/Unreal Projects/MyProject3B/Saved/Config/Windows/Engine.ini]
[2019.03.31-07.02.32:312][  0]LogConfig: Setting CVar [[s.MinBulkDataSizeForAsyncLoading:131072]]
[2019.03.31-07.02.32:312][  0]LogConfig: Setting CVar [[s.AsyncLoadingThreadEnabled:0]]
[2019.03.31-07.02.32:312][  0]LogConfig: Setting CVar [[s.EventDrivenLoaderEnabled:1]]
[2019.03.31-07.02.32:312][  0]LogConfig: Setting CVar [[s.WarnIfTimeLimitExceeded:0]]
[2019.03.31-07.02.32:312][  0]LogConfig: Setting CVar [[s.TimeLimitExceededMultiplier:1.5]]
[2019.03.31-07.02.32:312][  0]LogConfig: Setting CVar [[s.TimeLimitExceededMinTime:0.005]]
[2019.03.31-07.02.32:312][  0]LogConfig: Setting CVar [[s.UseBackgroundLevelStreaming:1]]
[2019.03.31-07.02.32:312][  0]LogConfig: Setting CVar [[s.PriorityAsyncLoadingExtraTime:15.0]]
[2019.03.31-07.02.32:312][  0]LogConfig: Setting CVar [[s.LevelStreamingActorsUpdateTimeLimit:5.0]]
[2019.03.31-07.02.32:312][  0]LogConfig: Setting CVar [[s.PriorityLevelStreamingActorsUpdateExtraTime:5.0]]
[2019.03.31-07.02.32:312][  0]LogConfig: Setting CVar [[s.LevelStreamingComponentsRegistrationGranularity:10]]
[2019.03.31-07.02.32:312][  0]LogConfig: Setting CVar [[s.UnregisterComponentsTimeLimit:1.0]]
[2019.03.31-07.02.32:312][  0]LogConfig: Setting CVar [[s.LevelStreamingComponentsUnregistrationGranularity:5]]
[2019.03.31-07.02.32:312][  0]LogConfig: Applying CVar settings from Section [/Script/Engine.GarbageCollectionSettings] File [C:/Users/jonat/Documents/Unreal Projects/MyProject3B/Saved/Config/Windows/Engine.ini]
[2019.03.31-07.02.32:312][  0]LogConfig: Setting CVar [[gc.MaxObjectsNotConsideredByGC:1]]
[2019.03.31-07.02.32:312][  0]LogConfig: Setting CVar [[gc.SizeOfPermanentObjectPool:0]]
[2019.03.31-07.02.32:312][  0]LogConfig: Setting CVar [[gc.FlushStreamingOnGC:0]]
[2019.03.31-07.02.32:312][  0]LogConfig: Setting CVar [[gc.NumRetriesBeforeForcingGC:10]]
[2019.03.31-07.02.32:312][  0]LogConfig: Setting CVar [[gc.AllowParallelGC:1]]
[2019.03.31-07.02.32:312][  0]LogConfig: Setting CVar [[gc.TimeBetweenPurgingPendingKillObjects:61.1]]
[2019.03.31-07.02.32:312][  0]LogConfig: Setting CVar [[gc.MaxObjectsInEditor:8388607]]
[2019.03.31-07.02.32:312][  0]LogConfig: Setting CVar [[gc.IncrementalBeginDestroyEnabled:1]]
[2019.03.31-07.02.32:312][  0]LogConfig: Setting CVar [[gc.CreateGCClusters:1]]
[2019.03.31-07.02.32:312][  0]LogConfig: Setting CVar [[gc.MergeGCClusters:0]]
[2019.03.31-07.02.32:312][  0]LogConfig: Setting CVar [[gc.MinGCClusterSize:5]]
[2019.03.31-07.02.32:312][  0]LogConfig: Setting CVar [[gc.ActorClusteringEnabled:0]]
[2019.03.31-07.02.32:312][  0]LogConfig: Setting CVar [[gc.BlueprintClusteringEnabled:0]]
[2019.03.31-07.02.32:312][  0]LogConfig: Setting CVar [[gc.UseDisregardForGCOnDedicatedServers:0]]
[2019.03.31-07.02.32:312][  0]LogConfig: Applying CVar settings from Section [/Script/Engine.NetworkSettings] File [C:/Users/jonat/Documents/Unreal Projects/MyProject3B/Saved/Config/Windows/Engine.ini]
[2019.03.31-07.02.32:312][  0]LogConfig: Applying CVar settings from Section [/Script/UnrealEd.CookerSettings] File [C:/Users/jonat/Documents/Unreal Projects/MyProject3B/Saved/Config/Windows/Engine.ini]
[2019.03.31-07.02.32:314][  0]LogConfig: Applying CVar settings from Section [ViewDistanceQuality@3] File [C:/Users/jonat/Documents/Unreal Projects/MyProject3B/Saved/Config/Windows/Scalability.ini]
[2019.03.31-07.02.32:314][  0]LogConfig: Setting CVar [[r.SkeletalMeshLODBias:0]]
[2019.03.31-07.02.32:314][  0]LogConfig: Setting CVar [[r.ViewDistanceScale:1.0]]
[2019.03.31-07.02.32:314][  0]LogConfig: Applying CVar settings from Section [AntiAliasingQuality@3] File [C:/Users/jonat/Documents/Unreal Projects/MyProject3B/Saved/Config/Windows/Scalability.ini]
[2019.03.31-07.02.32:314][  0]LogConfig: Setting CVar [[r.PostProcessAAQuality:4]]
[2019.03.31-07.02.32:314][  0]LogConfig: Applying CVar settings from Section [ShadowQuality@3] File [C:/Users/jonat/Documents/Unreal Projects/MyProject3B/Saved/Config/Windows/Scalability.ini]
[2019.03.31-07.02.32:314][  0]LogConfig: Setting CVar [[r.LightFunctionQuality:1]]
[2019.03.31-07.02.32:314][  0]LogConfig: Setting CVar [[r.ShadowQuality:5]]
[2019.03.31-07.02.32:314][  0]LogConfig: Setting CVar [[r.Shadow.CSM.MaxCascades:10]]
[2019.03.31-07.02.32:314][  0]LogConfig: Setting CVar [[r.Shadow.MaxResolution:2048]]
[2019.03.31-07.02.32:315][  0]LogConfig: Setting CVar [[r.Shadow.MaxCSMResolution:2048]]
[2019.03.31-07.02.32:315][  0]LogConfig: Setting CVar [[r.Shadow.RadiusThreshold:0.01]]
[2019.03.31-07.02.32:315][  0]LogConfig: Setting CVar [[r.Shadow.DistanceScale:1.0]]
[2019.03.31-07.02.32:315][  0]LogConfig: Setting CVar [[r.Shadow.CSM.TransitionScale:1.0]]
[2019.03.31-07.02.32:315][  0]LogConfig: Setting CVar [[r.Shadow.PreShadowResolutionFactor:1.0]]
[2019.03.31-07.02.32:315][  0]LogConfig: Setting CVar [[r.DistanceFieldShadowing:1]]
[2019.03.31-07.02.32:315][  0]LogConfig: Setting CVar [[r.DistanceFieldAO:1]]
[2019.03.31-07.02.32:315][  0]LogConfig: Setting CVar [[r.AOQuality:2]]
[2019.03.31-07.02.32:315][  0]LogConfig: Setting CVar [[r.VolumetricFog:1]]
[2019.03.31-07.02.32:315][  0]LogConfig: Setting CVar [[r.VolumetricFog.GridPixelSize:8]]
[2019.03.31-07.02.32:315][  0]LogConfig: Setting CVar [[r.VolumetricFog.GridSizeZ:128]]
[2019.03.31-07.02.32:315][  0]LogConfig: Setting CVar [[r.VolumetricFog.HistoryMissSupersampleCount:4]]
[2019.03.31-07.02.32:315][  0]LogConfig: Setting CVar [[r.LightMaxDrawDistanceScale:1]]
[2019.03.31-07.02.32:315][  0]LogConfig: Setting CVar [[r.CapsuleShadows:1]]
[2019.03.31-07.02.32:315][  0]LogConfig: Applying CVar settings from Section [PostProcessQuality@3] File [C:/Users/jonat/Documents/Unreal Projects/MyProject3B/Saved/Config/Windows/Scalability.ini]
[2019.03.31-07.02.32:315][  0]LogConfig: Setting CVar [[r.MotionBlurQuality:4]]
[2019.03.31-07.02.32:315][  0]LogConfig: Setting CVar [[r.AmbientOcclusionMipLevelFactor:0.4]]
[2019.03.31-07.02.32:315][  0]LogConfig: Setting CVar [[r.AmbientOcclusionMaxQuality:100]]
[2019.03.31-07.02.32:315][  0]LogConfig: Setting CVar [[r.AmbientOcclusionLevels:-1]]
[2019.03.31-07.02.32:315][  0]LogConfig: Setting CVar [[r.AmbientOcclusionRadiusScale:1.0]]
[2019.03.31-07.02.32:315][  0]LogConfig: Setting CVar [[r.DepthOfFieldQuality:2]]
[2019.03.31-07.02.32:315][  0]LogConfig: Setting CVar [[r.RenderTargetPoolMin:400]]
[2019.03.31-07.02.32:315][  0]LogConfig: Setting CVar [[r.LensFlareQuality:2]]
[2019.03.31-07.02.32:315][  0]LogConfig: Setting CVar [[r.SceneColorFringeQuality:1]]
[2019.03.31-07.02.32:315][  0]LogConfig: Setting CVar [[r.EyeAdaptationQuality:2]]
[2019.03.31-07.02.32:315][  0]LogConfig: Setting CVar [[r.BloomQuality:5]]
[2019.03.31-07.02.32:315][  0]LogConfig: Setting CVar [[r.FastBlurThreshold:100]]
[2019.03.31-07.02.32:315][  0]LogConfig: Setting CVar [[r.Upscale.Quality:3]]
[2019.03.31-07.02.32:315][  0]LogConfig: Setting CVar [[r.Tonemapper.GrainQuantization:1]]
[2019.03.31-07.02.32:315][  0]LogConfig: Setting CVar [[r.LightShaftQuality:1]]
[2019.03.31-07.02.32:315][  0]LogConfig: Setting CVar [[r.Filter.SizeScale:1]]
[2019.03.31-07.02.32:315][  0]LogConfig: Setting CVar [[r.Tonemapper.Quality:5]]
[2019.03.31-07.02.32:315][  0]LogConfig: Setting CVar [[r.DOF.Gather.AccumulatorQuality:1        ; higher gathering accumulator quality]]
[2019.03.31-07.02.32:315][  0]LogConfig: Setting CVar [[r.DOF.Gather.PostfilterMethod:1          ; Median3x3 postfilering method]]
[2019.03.31-07.02.32:315][  0]LogConfig: Setting CVar [[r.DOF.Gather.EnableBokehSettings:0       ; no bokeh simulation when gathering]]
[2019.03.31-07.02.32:315][  0]LogConfig: Setting CVar [[r.DOF.Gather.RingCount:4                 ; medium number of samples when gathering]]
[2019.03.31-07.02.32:315][  0]LogConfig: Setting CVar [[r.DOF.Scatter.ForegroundCompositing:1    ; additive foreground scattering]]
[2019.03.31-07.02.32:315][  0]LogConfig: Setting CVar [[r.DOF.Scatter.BackgroundCompositing:2    ; additive background scattering]]
[2019.03.31-07.02.32:315][  0]LogConfig: Setting CVar [[r.DOF.Scatter.EnableBokehSettings:1      ; bokeh simulation when scattering]]
[2019.03.31-07.02.32:315][  0]LogConfig: Setting CVar [[r.DOF.Scatter.MaxSpriteRatio:0.1         ; only a maximum of 10% of scattered bokeh]]
[2019.03.31-07.02.32:315][  0]LogConfig: Setting CVar [[r.DOF.Recombine.Quality:1                ; cheap slight out of focus]]
[2019.03.31-07.02.32:315][  0]LogConfig: Setting CVar [[r.DOF.Recombine.EnableBokehSettings:0    ; no bokeh simulation on slight out of focus]]
[2019.03.31-07.02.32:315][  0]LogConfig: Setting CVar [[r.DOF.TemporalAAQuality:1                ; more stable temporal accumulation]]
[2019.03.31-07.02.32:315][  0]LogConfig: Setting CVar [[r.DOF.Kernel.MaxForegroundRadius:0.025]]
[2019.03.31-07.02.32:315][  0]LogConfig: Setting CVar [[r.DOF.Kernel.MaxBackgroundRadius:0.025]]
[2019.03.31-07.02.32:315][  0]LogConfig: Applying CVar settings from Section [TextureQuality@3] File [C:/Users/jonat/Documents/Unreal Projects/MyProject3B/Saved/Config/Windows/Scalability.ini]
[2019.03.31-07.02.32:315][  0]LogConfig: Setting CVar [[r.Streaming.MipBias:0]]
[2019.03.31-07.02.32:315][  0]LogConfig: Setting CVar [[r.Streaming.AmortizeCPUToGPUCopy:0]]
[2019.03.31-07.02.32:315][  0]LogConfig: Setting CVar [[r.Streaming.MaxNumTexturesToStreamPerFrame:0]]
[2019.03.31-07.02.32:315][  0]LogConfig: Setting CVar [[r.Streaming.Boost:1]]
[2019.03.31-07.02.32:315][  0]LogConfig: Setting CVar [[r.MaxAnisotropy:8]]
[2019.03.31-07.02.32:315][  0]LogConfig: Setting CVar [[r.Streaming.LimitPoolSizeToVRAM:0]]
[2019.03.31-07.02.32:315][  0]LogConfig: Setting CVar [[r.Streaming.PoolSize:1000]]
[2019.03.31-07.02.32:315][  0]LogConfig: Setting CVar [[r.Streaming.MaxEffectiveScreenSize:0]]
[2019.03.31-07.02.32:315][  0]LogConfig: Applying CVar settings from Section [EffectsQuality@3] File [C:/Users/jonat/Documents/Unreal Projects/MyProject3B/Saved/Config/Windows/Scalability.ini]
[2019.03.31-07.02.32:315][  0]LogConfig: Setting CVar [[r.TranslucencyLightingVolumeDim:64]]
[2019.03.31-07.02.32:315][  0]LogConfig: Setting CVar [[r.RefractionQuality:2]]
[2019.03.31-07.02.32:315][  0]LogConfig: Setting CVar [[r.SSR.Quality:3]]
[2019.03.31-07.02.32:315][  0]LogConfig: Setting CVar [[r.SceneColorFormat:4]]
[2019.03.31-07.02.32:315][  0]LogConfig: Setting CVar [[r.DetailMode:2]]
[2019.03.31-07.02.32:315][  0]LogConfig: Setting CVar [[r.TranslucencyVolumeBlur:1]]
[2019.03.31-07.02.32:315][  0]LogConfig: Setting CVar [[r.MaterialQualityLevel:1 ; High quality]]
[2019.03.31-07.02.32:315][  0]LogConfig: Setting CVar [[r.SSS.Scale:1]]
[2019.03.31-07.02.32:315][  0]LogConfig: Setting CVar [[r.SSS.SampleSet:2]]
[2019.03.31-07.02.32:315][  0]LogConfig: Setting CVar [[r.SSS.Quality:1]]
[2019.03.31-07.02.32:315][  0]LogConfig: Setting CVar [[r.SSS.HalfRes:1]]
[2019.03.31-07.02.32:316][  0]LogConfig: Setting CVar [[r.EmitterSpawnRateScale:1.0]]
[2019.03.31-07.02.32:316][  0]LogConfig: Setting CVar [[r.ParticleLightQuality:2]]
[2019.03.31-07.02.32:316][  0]LogConfig: Applying CVar settings from Section [FoliageQuality@3] File [C:/Users/jonat/Documents/Unreal Projects/MyProject3B/Saved/Config/Windows/Scalability.ini]
[2019.03.31-07.02.32:316][  0]LogConfig: Setting CVar [[foliage.DensityScale:1.0]]
[2019.03.31-07.02.32:316][  0]LogConfig: Setting CVar [[grass.DensityScale:1.0]]
[2019.03.31-07.02.32:316][  0]LogInit: Selected Device Profile: [Windows]
[2019.03.31-07.02.32:316][  0]LogInit: Applying CVar settings loaded from the selected device profile: [Windows]
[2019.03.31-07.02.32:341][  0]LogHAL: Display: Platform has ~ 8 GB [8467402752 / 8589934592 / 8], which maps to Default [LargestMinGB=32, LargerMinGB=12, DefaultMinGB=8, SmallerMinGB=6, SmallestMinGB=0)
[2019.03.31-07.02.32:341][  0]LogConfig: Setting CVar [[r.Vulkan.UseRealUBs:1]]
[2019.03.31-07.02.32:341][  0]LogInit: Going up to parent DeviceProfile []
[2019.03.31-07.02.32:341][  0]LogConfig: Applying CVar settings from Section [ViewDistanceQuality@3] File [C:/Users/jonat/Documents/Unreal Projects/MyProject3B/Saved/Config/Windows/Scalability.ini]
[2019.03.31-07.02.32:341][  0]LogConfig: Setting CVar [[r.SkeletalMeshLODBias:0]]
[2019.03.31-07.02.32:341][  0]LogConfig: Setting CVar [[r.ViewDistanceScale:1.0]]
[2019.03.31-07.02.32:341][  0]LogConfig: Applying CVar settings from Section [AntiAliasingQuality@3] File [C:/Users/jonat/Documents/Unreal Projects/MyProject3B/Saved/Config/Windows/Scalability.ini]
[2019.03.31-07.02.32:341][  0]LogConfig: Setting CVar [[r.PostProcessAAQuality:4]]
[2019.03.31-07.02.32:341][  0]LogConfig: Applying CVar settings from Section [ShadowQuality@3] File [C:/Users/jonat/Documents/Unreal Projects/MyProject3B/Saved/Config/Windows/Scalability.ini]
[2019.03.31-07.02.32:341][  0]LogConfig: Setting CVar [[r.LightFunctionQuality:1]]
[2019.03.31-07.02.32:341][  0]LogConfig: Setting CVar [[r.ShadowQuality:5]]
[2019.03.31-07.02.32:341][  0]LogConfig: Setting CVar [[r.Shadow.CSM.MaxCascades:10]]
[2019.03.31-07.02.32:341][  0]LogConfig: Setting CVar [[r.Shadow.MaxResolution:2048]]
[2019.03.31-07.02.32:341][  0]LogConfig: Setting CVar [[r.Shadow.MaxCSMResolution:2048]]
[2019.03.31-07.02.32:341][  0]LogConfig: Setting CVar [[r.Shadow.RadiusThreshold:0.01]]
[2019.03.31-07.02.32:341][  0]LogConfig: Setting CVar [[r.Shadow.DistanceScale:1.0]]
[2019.03.31-07.02.32:341][  0]LogConfig: Setting CVar [[r.Shadow.CSM.TransitionScale:1.0]]
[2019.03.31-07.02.32:341][  0]LogConfig: Setting CVar [[r.Shadow.PreShadowResolutionFactor:1.0]]
[2019.03.31-07.02.32:341][  0]LogConfig: Setting CVar [[r.DistanceFieldShadowing:1]]
[2019.03.31-07.02.32:341][  0]LogConfig: Setting CVar [[r.DistanceFieldAO:1]]
[2019.03.31-07.02.32:341][  0]LogConfig: Setting CVar [[r.AOQuality:2]]
[2019.03.31-07.02.32:341][  0]LogConfig: Setting CVar [[r.VolumetricFog:1]]
[2019.03.31-07.02.32:341][  0]LogConfig: Setting CVar [[r.VolumetricFog.GridPixelSize:8]]
[2019.03.31-07.02.32:341][  0]LogConfig: Setting CVar [[r.VolumetricFog.GridSizeZ:128]]
[2019.03.31-07.02.32:341][  0]LogConfig: Setting CVar [[r.VolumetricFog.HistoryMissSupersampleCount:4]]
[2019.03.31-07.02.32:341][  0]LogConfig: Setting CVar [[r.LightMaxDrawDistanceScale:1]]
[2019.03.31-07.02.32:341][  0]LogConfig: Setting CVar [[r.CapsuleShadows:1]]
[2019.03.31-07.02.32:341][  0]LogConfig: Applying CVar settings from Section [PostProcessQuality@3] File [C:/Users/jonat/Documents/Unreal Projects/MyProject3B/Saved/Config/Windows/Scalability.ini]
[2019.03.31-07.02.32:341][  0]LogConfig: Setting CVar [[r.MotionBlurQuality:4]]
[2019.03.31-07.02.32:341][  0]LogConfig: Setting CVar [[r.AmbientOcclusionMipLevelFactor:0.4]]
[2019.03.31-07.02.32:341][  0]LogConfig: Setting CVar [[r.AmbientOcclusionMaxQuality:100]]
[2019.03.31-07.02.32:341][  0]LogConfig: Setting CVar [[r.AmbientOcclusionLevels:-1]]
[2019.03.31-07.02.32:341][  0]LogConfig: Setting CVar [[r.AmbientOcclusionRadiusScale:1.0]]
[2019.03.31-07.02.32:341][  0]LogConfig: Setting CVar [[r.DepthOfFieldQuality:2]]
[2019.03.31-07.02.32:341][  0]LogConfig: Setting CVar [[r.RenderTargetPoolMin:400]]
[2019.03.31-07.02.32:341][  0]LogConfig: Setting CVar [[r.LensFlareQuality:2]]
[2019.03.31-07.02.32:341][  0]LogConfig: Setting CVar [[r.SceneColorFringeQuality:1]]
[2019.03.31-07.02.32:341][  0]LogConfig: Setting CVar [[r.EyeAdaptationQuality:2]]
[2019.03.31-07.02.32:341][  0]LogConfig: Setting CVar [[r.BloomQuality:5]]
[2019.03.31-07.02.32:341][  0]LogConfig: Setting CVar [[r.FastBlurThreshold:100]]
[2019.03.31-07.02.32:341][  0]LogConfig: Setting CVar [[r.Upscale.Quality:3]]
[2019.03.31-07.02.32:341][  0]LogConfig: Setting CVar [[r.Tonemapper.GrainQuantization:1]]
[2019.03.31-07.02.32:341][  0]LogConfig: Setting CVar [[r.LightShaftQuality:1]]
[2019.03.31-07.02.32:341][  0]LogConfig: Setting CVar [[r.Filter.SizeScale:1]]
[2019.03.31-07.02.32:341][  0]LogConfig: Setting CVar [[r.Tonemapper.Quality:5]]
[2019.03.31-07.02.32:341][  0]LogConfig: Setting CVar [[r.DOF.Gather.AccumulatorQuality:1        ; higher gathering accumulator quality]]
[2019.03.31-07.02.32:341][  0]LogConfig: Setting CVar [[r.DOF.Gather.PostfilterMethod:1          ; Median3x3 postfilering method]]
[2019.03.31-07.02.32:341][  0]LogConfig: Setting CVar [[r.DOF.Gather.EnableBokehSettings:0       ; no bokeh simulation when gathering]]
[2019.03.31-07.02.32:341][  0]LogConfig: Setting CVar [[r.DOF.Gather.RingCount:4                 ; medium number of samples when gathering]]
[2019.03.31-07.02.32:341][  0]LogConfig: Setting CVar [[r.DOF.Scatter.ForegroundCompositing:1    ; additive foreground scattering]]
[2019.03.31-07.02.32:341][  0]LogConfig: Setting CVar [[r.DOF.Scatter.BackgroundCompositing:2    ; additive background scattering]]
[2019.03.31-07.02.32:342][  0]LogConfig: Setting CVar [[r.DOF.Scatter.EnableBokehSettings:1      ; bokeh simulation when scattering]]
[2019.03.31-07.02.32:342][  0]LogConfig: Setting CVar [[r.DOF.Scatter.MaxSpriteRatio:0.1         ; only a maximum of 10% of scattered bokeh]]
[2019.03.31-07.02.32:342][  0]LogConfig: Setting CVar [[r.DOF.Recombine.Quality:1                ; cheap slight out of focus]]
[2019.03.31-07.02.32:342][  0]LogConfig: Setting CVar [[r.DOF.Recombine.EnableBokehSettings:0    ; no bokeh simulation on slight out of focus]]
[2019.03.31-07.02.32:342][  0]LogConfig: Setting CVar [[r.DOF.TemporalAAQuality:1                ; more stable temporal accumulation]]
[2019.03.31-07.02.32:342][  0]LogConfig: Setting CVar [[r.DOF.Kernel.MaxForegroundRadius:0.025]]
[2019.03.31-07.02.32:342][  0]LogConfig: Setting CVar [[r.DOF.Kernel.MaxBackgroundRadius:0.025]]
[2019.03.31-07.02.32:342][  0]LogConfig: Applying CVar settings from Section [TextureQuality@3] File [C:/Users/jonat/Documents/Unreal Projects/MyProject3B/Saved/Config/Windows/Scalability.ini]
[2019.03.31-07.02.32:342][  0]LogConfig: Setting CVar [[r.Streaming.MipBias:0]]
[2019.03.31-07.02.32:342][  0]LogConfig: Setting CVar [[r.Streaming.AmortizeCPUToGPUCopy:0]]
[2019.03.31-07.02.32:342][  0]LogConfig: Setting CVar [[r.Streaming.MaxNumTexturesToStreamPerFrame:0]]
[2019.03.31-07.02.32:342][  0]LogConfig: Setting CVar [[r.Streaming.Boost:1]]
[2019.03.31-07.02.32:342][  0]LogConfig: Setting CVar [[r.MaxAnisotropy:8]]
[2019.03.31-07.02.32:342][  0]LogConfig: Setting CVar [[r.Streaming.LimitPoolSizeToVRAM:0]]
[2019.03.31-07.02.32:342][  0]LogConfig: Setting CVar [[r.Streaming.PoolSize:1000]]
[2019.03.31-07.02.32:342][  0]LogConfig: Setting CVar [[r.Streaming.MaxEffectiveScreenSize:0]]
[2019.03.31-07.02.32:342][  0]LogConfig: Applying CVar settings from Section [EffectsQuality@3] File [C:/Users/jonat/Documents/Unreal Projects/MyProject3B/Saved/Config/Windows/Scalability.ini]
[2019.03.31-07.02.32:342][  0]LogConfig: Setting CVar [[r.TranslucencyLightingVolumeDim:64]]
[2019.03.31-07.02.32:342][  0]LogConfig: Setting CVar [[r.RefractionQuality:2]]
[2019.03.31-07.02.32:342][  0]LogConfig: Setting CVar [[r.SSR.Quality:3]]
[2019.03.31-07.02.32:342][  0]LogConfig: Setting CVar [[r.SceneColorFormat:4]]
[2019.03.31-07.02.32:342][  0]LogConfig: Setting CVar [[r.DetailMode:2]]
[2019.03.31-07.02.32:342][  0]LogConfig: Setting CVar [[r.TranslucencyVolumeBlur:1]]
[2019.03.31-07.02.32:342][  0]LogConfig: Setting CVar [[r.MaterialQualityLevel:1 ; High quality]]
[2019.03.31-07.02.32:342][  0]LogConfig: Setting CVar [[r.SSS.Scale:1]]
[2019.03.31-07.02.32:342][  0]LogConfig: Setting CVar [[r.SSS.SampleSet:2]]
[2019.03.31-07.02.32:342][  0]LogConfig: Setting CVar [[r.SSS.Quality:1]]
[2019.03.31-07.02.32:342][  0]LogConfig: Setting CVar [[r.SSS.HalfRes:1]]
[2019.03.31-07.02.32:342][  0]LogConfig: Setting CVar [[r.EmitterSpawnRateScale:1.0]]
[2019.03.31-07.02.32:342][  0]LogConfig: Setting CVar [[r.ParticleLightQuality:2]]
[2019.03.31-07.02.32:342][  0]LogConfig: Applying CVar settings from Section [FoliageQuality@3] File [C:/Users/jonat/Documents/Unreal Projects/MyProject3B/Saved/Config/Windows/Scalability.ini]
[2019.03.31-07.02.32:342][  0]LogConfig: Setting CVar [[foliage.DensityScale:1.0]]
[2019.03.31-07.02.32:342][  0]LogConfig: Setting CVar [[grass.DensityScale:1.0]]
[2019.03.31-07.02.32:343][  0]LogConfig: Applying CVar settings from Section [Startup] File [../../../Engine/Config/ConsoleVariables.ini]
[2019.03.31-07.02.32:343][  0]LogConfig: Setting CVar [[net.UseAdaptiveNetUpdateFrequency:0]]
[2019.03.31-07.02.32:343][  0]LogConfig: Applying CVar settings from Section [ConsoleVariables] File [C:/Users/jonat/Documents/Unreal Projects/MyProject3B/Saved/Config/Windows/Engine.ini]
[2019.03.31-07.02.32:343][  0]LogInit: Computer: DESKTOP-AJDSQ3E
[2019.03.31-07.02.32:343][  0]LogInit: User: jonat
[2019.03.31-07.02.32:343][  0]LogInit: CPU Page size=4096, Cores=4
[2019.03.31-07.02.32:343][  0]LogInit: High frequency timer resolution =10.000000 MHz
[2019.03.31-07.02.32:344][  0]LogMemory: Memory total: Physical=7.9GB (8GB approx)
[2019.03.31-07.02.32:344][  0]LogMemory: Platform Memory Stats for Windows
[2019.03.31-07.02.32:344][  0]LogMemory: Process Physical Memory: 102.64 MB used, 102.64 MB peak
[2019.03.31-07.02.32:344][  0]LogMemory: Process Virtual Memory: 84.61 MB used, 84.61 MB peak
[2019.03.31-07.02.32:344][  0]LogMemory: Physical Memory: 6924.54 MB used,  1150.61 MB free, 8075.14 MB total
[2019.03.31-07.02.32:344][  0]LogMemory: Virtual Memory: 4630.16 MB used,  134213096.00 MB free, 134217728.00 MB total
[2019.03.31-07.02.32:364][  0]LogInit: Using OS detected language (en-US).
[2019.03.31-07.02.32:364][  0]LogInit: Using OS detected locale (en-US).
[2019.03.31-07.02.32:365][  0]LogTextLocalizationManager: No specific localization for 'en-US' exists, so the 'en' localization will be used.
[2019.03.31-07.02.32:870][  0]LogStreaming: Display: Took  0.506s to InitEngineTextLocalization.
[2019.03.31-07.02.32:870][  0]LogInit: Setting process to per monitor DPI aware
[2019.03.31-07.02.32:917][  0]LogSlate: New Slate User Created.  User Index 0, Is Virtual User: 0
[2019.03.31-07.02.32:917][  0]LogSlate: Slate User Registered.  User Index 0, Is Virtual User: 0
[2019.03.31-07.02.33:136][  0]LogHMD: Failed to initialize OpenVR with code 110
[2019.03.31-07.02.33:136][  0]LogD3D11RHI: D3D11 adapters:
[2019.03.31-07.02.33:147][  0]LogD3D11RHI:    0. 'Intel(R) HD Graphics 530' (Feature Level 11_0)
[2019.03.31-07.02.33:147][  0]LogD3D11RHI:       128/0/4037 MB DedicatedVideo/DedicatedSystem/SharedSystem, Outputs:1, VendorId:0x8086
[2019.03.31-07.02.33:150][  0]LogD3D11RHI:    1. 'Microsoft Basic Render Driver' (Feature Level 11_0)
[2019.03.31-07.02.33:150][  0]LogD3D11RHI:       0/0/4037 MB DedicatedVideo/DedicatedSystem/SharedSystem, Outputs:0, VendorId:0x1414
[2019.03.31-07.02.33:150][  0]LogD3D11RHI: Chosen D3D11 Adapter: 0
[2019.03.31-07.02.33:174][  0]LogD3D11RHI: Creating new Direct3DDevice
[2019.03.31-07.02.33:174][  0]LogD3D11RHI:     GPU DeviceId: 0x1912 (for the marketing name, search the web for "GPU Device Id")
[2019.03.31-07.02.33:174][  0]LogWindows: EnumDisplayDevices:
[2019.03.31-07.02.33:174][  0]LogWindows:    0. 'Intel(R) HD Graphics 530' (P:1 D:1)
[2019.03.31-07.02.33:175][  0]LogWindows:    1. 'Intel(R) HD Graphics 530' (P:0 D:0)
[2019.03.31-07.02.33:175][  0]LogWindows: DebugString: FoundDriverCount:2 
[2019.03.31-07.02.33:175][  0]LogD3D11RHI:     Adapter Name: Intel(R) HD Graphics 530
[2019.03.31-07.02.33:175][  0]LogD3D11RHI:   Driver Version: 20.19.15.4390 (internal:20.19.15.4390, unified:20.19.15.4390)
[2019.03.31-07.02.33:175][  0]LogD3D11RHI:      Driver Date: 2-18-2016
[2019.03.31-07.02.33:175][  0]LogRHI: Texture pool is 1502 MB (70% of 2146 MB)
[2019.03.31-07.02.33:199][  0]LogD3D11RHI: [IntelMetricsDiscovery] Started
[2019.03.31-07.02.33:199][  0]LogD3D11RHI: Async texture creation enabled
[2019.03.31-07.02.33:205][  0]LogD3D11RHI: GPU Timing Frequency: 12.000000 (Debug: 2 0)
[2019.03.31-07.02.33:921][  0]LogTemp: Display: Loaded TP AllDesktopTargetPlatform
[2019.03.31-07.02.33:937][  0]LogTemp: Display: Loaded TP MacClientTargetPlatform
[2019.03.31-07.02.33:954][  0]LogTemp: Display: Loaded TP MacNoEditorTargetPlatform
[2019.03.31-07.02.33:972][  0]LogTemp: Display: Loaded TP MacServerTargetPlatform
[2019.03.31-07.02.33:990][  0]LogTemp: Display: Loaded TP MacTargetPlatform
[2019.03.31-07.02.34:004][  0]LogTemp: Display: Loaded TP WindowsClientTargetPlatform
[2019.03.31-07.02.34:021][  0]LogTemp: Display: Loaded TP WindowsNoEditorTargetPlatform
[2019.03.31-07.02.34:037][  0]LogTemp: Display: Loaded TP WindowsServerTargetPlatform
[2019.03.31-07.02.34:046][  0]LogTemp: Display: Loaded TP WindowsTargetPlatform
[2019.03.31-07.02.34:153][  0]LogTemp: Display: Loaded TP AndroidTargetPlatform
[2019.03.31-07.02.34:153][  0]LogTemp: Display: Loaded TP AndroidTargetPlatform
[2019.03.31-07.02.34:154][  0]LogTemp: Display: Loaded TP AndroidTargetPlatform
[2019.03.31-07.02.34:154][  0]LogTemp: Display: Loaded TP AndroidTargetPlatform
[2019.03.31-07.02.34:154][  0]LogTemp: Display: Loaded TP AndroidTargetPlatform
[2019.03.31-07.02.34:154][  0]LogTemp: Display: Loaded TP AndroidTargetPlatform
[2019.03.31-07.02.34:154][  0]LogTemp: Display: Loaded TP AndroidTargetPlatform
[2019.03.31-07.02.34:154][  0]LogTemp: Display: Loaded TP AndroidTargetPlatform
[2019.03.31-07.02.34:154][  0]LogTemp: Display: Loaded TP AndroidTargetPlatform
[2019.03.31-07.02.34:154][  0]LogTemp: Display: Loaded TP AndroidTargetPlatform
[2019.03.31-07.02.34:154][  0]LogTemp: Display: Loaded TP AndroidTargetPlatform
[2019.03.31-07.02.34:154][  0]LogTemp: Display: Loaded TP AndroidTargetPlatform
[2019.03.31-07.02.34:154][  0]LogTemp: Display: Loaded TP AndroidTargetPlatform
[2019.03.31-07.02.34:154][  0]LogTemp: Display: Loaded TP AndroidTargetPlatform
[2019.03.31-07.02.34:154][  0]LogTemp: Display: Loaded TP AndroidTargetPlatform
[2019.03.31-07.02.34:154][  0]LogTemp: Display: Loaded TP AndroidTargetPlatform
[2019.03.31-07.02.34:154][  0]LogTemp: Display: Loaded TP AndroidTargetPlatform
[2019.03.31-07.02.34:154][  0]LogTemp: Display: Loaded TP AndroidTargetPlatform
[2019.03.31-07.02.34:155][  0]LogTemp: Display: Loaded TP HTML5TargetPlatform
[2019.03.31-07.02.34:234][  0]LogTemp: Display: Loaded TP IOSTargetPlatform
[2019.03.31-07.02.34:234][  0]LogTemp: Display: Loaded TP IOSTargetPlatform
[2019.03.31-07.02.34:264][  0]LogTemp: Display: Loaded TP TVOSTargetPlatform
[2019.03.31-07.02.34:264][  0]LogTemp: Display: Loaded TP TVOSTargetPlatform
[2019.03.31-07.02.34:279][  0]LogTemp: Display: Loaded TP LinuxClientTargetPlatform
[2019.03.31-07.02.34:295][  0]LogTemp: Display: Loaded TP LinuxNoEditorTargetPlatform
[2019.03.31-07.02.34:309][  0]LogTemp: Display: Loaded TP LinuxServerTargetPlatform
[2019.03.31-07.02.34:326][  0]LogTemp: Display: Loaded TP LinuxTargetPlatform
[2019.03.31-07.02.34:379][  0]LogTemp: Display: Loaded TP LuminTargetPlatform
[2019.03.31-07.02.34:379][  0]LogTemp: Display: Loaded TP LuminTargetPlatform
[2019.03.31-07.02.34:380][  0]LogTargetPlatformManager: Display: Building Assets For Windows
[2019.03.31-07.02.34:456][  0]LogShaderCompilers: Guid format shader working directory is -22 characters bigger than the processId version (../../../../../../Users/jonat/Documents/Unreal Projects/MyProject3B/Intermediate/Shaders/WorkingDirectory/27788/).
[2019.03.31-07.02.34:456][  0]LogShaderCompilers: Cleaned the shader compiler working directory 'C:/Users/jonat/AppData/Local/Temp/UnrealShaderWorkingDir/6E0AF37845468B809810B8A108CC6174/'.
[2019.03.31-07.02.34:460][  0]LogXGEController: Cannot use XGE Controller as Incredibuild is not installed on this machine.
[2019.03.31-07.02.34:461][  0]LogShaderCompilers: Cannot use XGE Shader Compiler as Incredibuild is not installed on this machine.
[2019.03.31-07.02.34:461][  0]LogShaderCompilers: Display: Using Local Shader Compiler.
[2019.03.31-07.02.37:252][  0]LogDerivedDataCache: Display: Max Cache Size: 512 MB
[2019.03.31-07.02.37:369][  0]LogDerivedDataCache: Loaded boot cache 0.12s 71MB C:/Users/jonat/AppData/Local/UnrealEngine/4.21/DerivedDataCache/Boot.ddc.
[2019.03.31-07.02.37:369][  0]LogDerivedDataCache: Display: Loaded Boot cache: C:/Users/jonat/AppData/Local/UnrealEngine/4.21/DerivedDataCache/Boot.ddc
[2019.03.31-07.02.37:370][  0]LogDerivedDataCache: FDerivedDataBackendGraph:  Pak pak cache file ../../../../../../Users/jonat/Documents/Unreal Projects/MyProject3B/DerivedDataCache/DDC.ddp not found, will not use a pak cache.
[2019.03.31-07.02.37:370][  0]LogDerivedDataCache: Unable to find inner node Pak for hierarchical cache Hierarchy.
[2019.03.31-07.02.37:370][  0]LogDerivedDataCache: FDerivedDataBackendGraph:  CompressedPak pak cache file ../../../../../../Users/jonat/Documents/Unreal Projects/MyProject3B/DerivedDataCache/Compressed.ddp not found, will not use a pak cache.
[2019.03.31-07.02.37:370][  0]LogDerivedDataCache: Unable to find inner node CompressedPak for hierarchical cache Hierarchy.
[2019.03.31-07.02.37:390][  0]LogDerivedDataCache: Display: Pak cache opened for reading ../../../Engine/DerivedDataCache/Compressed.ddp.
[2019.03.31-07.02.37:390][  0]LogDerivedDataCache: FDerivedDataBackendGraph:  EnterprisePak pak cache file ../../../Enterprise/DerivedDataCache/Compressed.ddp not found, will not use a pak cache.
[2019.03.31-07.02.37:390][  0]LogDerivedDataCache: Unable to find inner node EnterprisePak for hierarchical cache Hierarchy.
[2019.03.31-07.02.37:404][  0]LogDerivedDataCache: Using Local data cache path C:/Users/jonat/AppData/Local/UnrealEngine/Common/DerivedDataCache: Writable
[2019.03.31-07.02.37:404][  0]LogDerivedDataCache: Shared data cache path not found in *engine.ini, will not use an Shared cache.
[2019.03.31-07.02.37:404][  0]LogDerivedDataCache: Unable to find inner node Shared for hierarchical cache Hierarchy.
[2019.03.31-07.02.37:428][  0]LogMaterial: Verifying Global Shaders for PCD3D_SM5
[2019.03.31-07.02.37:429][  0]LogSlate: Using FreeType 2.6.0
[2019.03.31-07.02.37:430][  0]LogSlate: SlateFontServices - WITH_FREETYPE: 1, WITH_HARFBUZZ: 1
[2019.03.31-07.02.37:572][  0]LogAssetRegistry: FAssetRegistry took 0.0570 seconds to start up
[2019.03.31-07.02.38:072][  0]LogInit: Selected Device Profile: [Windows]
[2019.03.31-07.02.38:318][  0]LogSimplygon: Simplygon DLL not present - disabling.
[2019.03.31-07.02.38:323][  0]LogMeshReduction: Using SimplygonSwarm for distributed automatic mesh merging
[2019.03.31-07.02.38:323][  0]LogMeshReduction: Using ProxyLODMeshReduction for automatic mesh merging
[2019.03.31-07.02.38:323][  0]LogMeshReduction: Using QuadricMeshReduction for automatic static mesh reduction
[2019.03.31-07.02.38:323][  0]LogMeshReduction: No automatic skeletal mesh reduction module available
[2019.03.31-07.02.38:386][  0]LogNetVersion: MyProject3B 1.0.0, NetCL: 4541578, EngineNetVer: 5, GameNetVer: 0 (Checksum: 1420904495)
[2019.03.31-07.02.39:576][  0]LogPackageLocalizationCache: Processed 11 localized package path(s) for 2 prioritized culture(s) in 0.268573 seconds
[2019.03.31-07.02.39:584][  0]LogUObjectArray: 39775 objects as part of root set at end of initial load.
[2019.03.31-07.02.39:584][  0]LogUObjectAllocator: 6914656 out of 0 bytes used by permanent object pool.
[2019.03.31-07.02.39:584][  0]LogUObjectArray: CloseDisregardForGC: 0/0 objects in disregard for GC pool
[2019.03.31-07.02.40:936][  0]LogTcpMessaging: Initializing TcpMessaging bridge
[2019.03.31-07.02.40:951][  0]LogUdpMessaging: Initializing bridge on interface 0.0.0.0:0 to multicast group 230.0.0.1:6666.
[2019.03.31-07.02.41:760][  0]SourceControl: Source control is disabled
[2019.03.31-07.02.41:760][  0]SourceControl: Source control is disabled
[2019.03.31-07.02.41:761][  0]SourceControl: Source control is disabled
[2019.03.31-07.02.41:762][  0]SourceControl: Source control is disabled
[2019.03.31-07.02.41:937][  0]LogAndroidPermission: UAndroidPermissionCallbackProxy::GetInstance
[2019.03.31-07.02.41:999][  0]LogOcInput: OculusInput pre-init called
[2019.03.31-07.02.42:243][  0]LogEngine: Initializing Engine...
[2019.03.31-07.02.42:244][  0]LogHMD: Failed to initialize OpenVR with code 110
[2019.03.31-07.02.42:247][  0]LogStats: UGameplayTagsManager::ConstructGameplayTagTree: ImportINI prefixes -  0.000 s
[2019.03.31-07.02.42:247][  0]LogStats: UGameplayTagsManager::ConstructGameplayTagTree: Construct from data asset -  0.000 s
[2019.03.31-07.02.42:247][  0]LogStats: UGameplayTagsManager::ConstructGameplayTagTree: ImportINI -  0.000 s
[2019.03.31-07.02.42:247][  0]LogStats: UGameplayTagsManager::ConstructGameplayTagTree: GameplayTagTreeChangedEvent.Broadcast -  0.000 s
[2019.03.31-07.02.42:665][  0]LogInit: Initializing FReadOnlyCVARCache
[2019.03.31-07.02.42:693][  0]LogAIModule: Creating AISystem for world Untitled
[2019.03.31-07.02.42:701][  0]LogInit: XAudio2 using 'Speakers (Realtek High Definition Audio)' : 2 channels at 48 kHz using 32 bits per sample (channel mask 0x3)
[2019.03.31-07.02.42:763][  0]LogInit: FAudioDevice initialized.
[2019.03.31-07.02.42:764][  0]LogNetVersion: Set ProjectVersion to 1.0.0.0. Version Checksum will be recalculated on next use.
[2019.03.31-07.02.42:914][  0]LogDerivedDataCache: Saved boot cache 0.15s 71MB C:/Users/jonat/AppData/Local/UnrealEngine/4.21/DerivedDataCache/Boot.ddc.
[2019.03.31-07.02.42:929][  0]LogInit: Texture streaming: Enabled
[2019.03.31-07.02.42:952][  0]LogEngineSessionManager: EngineSessionManager initialized
[2019.03.31-07.02.42:995][  0]LogInit: Transaction tracking system initialized
[2019.03.31-07.02.43:027][  0]BlueprintLog: New page: Editor Load
[2019.03.31-07.02.43:195][  0]LocalizationService: Localization service is disabled
[2019.03.31-07.02.44:416][  0]LogFileCache: Scanning file cache for directory 'C:/Users/jonat/Documents/Unreal Projects/MyProject3B/Content/' took 0.08s
[2019.03.31-07.02.44:416][  0]LogCook: Display: Max memory allowance for cook 16384mb min free memory 0mb
[2019.03.31-07.02.44:416][  0]LogCook: Display: Mobile HDR setting 1
[2019.03.31-07.02.44:446][  0]LogGameplayTags: Display: UGameplayTagsManager::DoneAddingNativeTags. DelegateIsBound: 0
[2019.03.31-07.02.44:447][  0]LogStats: UGameplayTagsManager::ConstructGameplayTagTree: ImportINI prefixes -  0.000 s
[2019.03.31-07.02.44:447][  0]LogStats: UGameplayTagsManager::ConstructGameplayTagTree: Construct from data asset -  0.000 s
[2019.03.31-07.02.44:447][  0]LogStats: UGameplayTagsManager::ConstructGameplayTagTree: ImportINI -  0.000 s
[2019.03.31-07.02.44:447][  0]LogStats: UGameplayTagsManager::ConstructGameplayTagTree: GameplayTagTreeChangedEvent.Broadcast -  0.000 s
[2019.03.31-07.02.45:276][  0]SourceControl: Source control is disabled
[2019.03.31-07.02.45:277][  0]Cmd: MAP LOAD FILE="../../../../../../Users/jonat/Documents/Unreal Projects/MyProject3B/Content/Demo/Maps/Level_00.umap" TEMPLATE=0 SHOWPROGRESS=1 FEATURELEVEL=3
[2019.03.31-07.02.45:316][  0]LightingResults: New page: Lighting Build
[2019.03.31-07.02.45:319][  0]MapCheck: New page: Map Check
[2019.03.31-07.02.45:319][  0]LightingResults: New page: Lighting Build
[2019.03.31-07.02.49:539][  0]LogAIModule: Creating AISystem for world Level_00
[2019.03.31-07.02.49:682][  0]LogEditorServer: Finished looking for orphan Actors (0.000 secs)
[2019.03.31-07.02.49:721][  0]Cmd: MAP CHECKDEP NOCLEARLOG
[2019.03.31-07.02.49:721][  0]MapCheck: Map check complete: 0 Error(s), 0 Warning(s), took 0.23ms to complete.
[2019.03.31-07.02.49:721][  0]LogFileHelpers: Loading map 'Level_00' took 4.445
[2019.03.31-07.02.50:577][  0]LogSlate: Updating window title bar state: overlay mode, drag disabled, window buttons hidden, title bar hidden
[2019.03.31-07.02.50:604][  0]LogSlate: Updating window title bar state: overlay mode, drag disabled, window buttons hidden, title bar hidden
[2019.03.31-07.02.50:614][  0]LogSlate: Updating window title bar state: overlay mode, drag disabled, window buttons hidden, title bar hidden
[2019.03.31-07.02.50:622][  0]LogSlate: Updating window title bar state: overlay mode, drag disabled, window buttons hidden, title bar hidden
[2019.03.31-07.02.50:704][  0]LogCollectionManager: Loaded 0 collections in 0.002334 seconds
[2019.03.31-07.02.50:847][  0]LogFileCache: Scanning file cache for directory 'C:/Users/jonat/Documents/Unreal Projects/MyProject3B/Saved/Collections/' took 0.01s
[2019.03.31-07.02.50:847][  0]LogFileCache: Scanning file cache for directory 'C:/Users/jonat/Documents/Unreal Projects/MyProject3B/Content/Developers/jonat/Collections/' took 0.00s
[2019.03.31-07.02.50:847][  0]LogFileCache: Scanning file cache for directory 'C:/Users/jonat/Documents/Unreal Projects/MyProject3B/Content/Collections/' took 0.00s
[2019.03.31-07.02.50:847][  0]LogCollectionManager: Rebuilt the GUID cache for 0 collections in 0.000001 seconds
[2019.03.31-07.02.50:867][  0]LogContentBrowser: Native class hierarchy populated in 0.0163 seconds. Added 2651 classes and 620 folders.
[2019.03.31-07.02.50:980][  0]LogContentBrowser: Native class hierarchy updated for 'WidgetCarousel' in 0.0026 seconds. Added 0 classes and 0 folders.
[2019.03.31-07.02.51:065][  0]LogPakFile: Registered encryption key '00000000000000000000000000000000': 0 pak files mounted, 0 remain pending
[2019.03.31-07.02.51:122][  0]LogPakFile: Registered encryption key '00000000000000000000000000000000': 0 pak files mounted, 0 remain pending
[2019.03.31-07.02.51:152][  0]LogPakFile: Registered encryption key '00000000000000000000000000000000': 0 pak files mounted, 0 remain pending
[2019.03.31-07.02.51:170][  0]LogPakFile: Registered encryption key '00000000000000000000000000000000': 0 pak files mounted, 0 remain pending
[2019.03.31-07.02.51:186][  0]LogPakFile: Registered encryption key '00000000000000000000000000000000': 0 pak files mounted, 0 remain pending
[2019.03.31-07.02.51:212][  0]LogPakFile: Registered encryption key '00000000000000000000000000000000': 0 pak files mounted, 0 remain pending
[2019.03.31-07.02.51:232][  0]LogPakFile: Registered encryption key '00000000000000000000000000000000': 0 pak files mounted, 0 remain pending
[2019.03.31-07.02.51:249][  0]LogPakFile: Registered encryption key '00000000000000000000000000000000': 0 pak files mounted, 0 remain pending
[2019.03.31-07.02.51:262][  0]LogPakFile: Registered encryption key '00000000000000000000000000000000': 0 pak files mounted, 0 remain pending
[2019.03.31-07.02.51:277][  0]LogPakFile: Registered encryption key '00000000000000000000000000000000': 0 pak files mounted, 0 remain pending
[2019.03.31-07.02.51:296][  0]LogPakFile: Registered encryption key '00000000000000000000000000000000': 0 pak files mounted, 0 remain pending
[2019.03.31-07.02.51:312][  0]LogPakFile: Registered encryption key '00000000000000000000000000000000': 0 pak files mounted, 0 remain pending
[2019.03.31-07.02.51:325][  0]LogPakFile: Registered encryption key '00000000000000000000000000000000': 0 pak files mounted, 0 remain pending
[2019.03.31-07.02.51:342][  0]LogPakFile: Registered encryption key '00000000000000000000000000000000': 0 pak files mounted, 0 remain pending
[2019.03.31-07.02.51:361][  0]LogPakFile: Registered encryption key '00000000000000000000000000000000': 0 pak files mounted, 0 remain pending
[2019.03.31-07.02.51:378][  0]LogPakFile: Registered encryption key '00000000000000000000000000000000': 0 pak files mounted, 0 remain pending
[2019.03.31-07.02.51:401][  0]LogPakFile: Registered encryption key '00000000000000000000000000000000': 0 pak files mounted, 0 remain pending
[2019.03.31-07.02.51:415][  0]LogPakFile: Registered encryption key '00000000000000000000000000000000': 0 pak files mounted, 0 remain pending
[2019.03.31-07.02.51:446][  0]LogPakFile: Registered encryption key '00000000000000000000000000000000': 0 pak files mounted, 0 remain pending
[2019.03.31-07.02.51:465][  0]LogPakFile: Registered encryption key '00000000000000000000000000000000': 0 pak files mounted, 0 remain pending
[2019.03.31-07.02.51:501][  0]LogPakFile: Registered encryption key '00000000000000000000000000000000': 0 pak files mounted, 0 remain pending
[2019.03.31-07.02.51:530][  0]LogPakFile: Registered encryption key '00000000000000000000000000000000': 0 pak files mounted, 0 remain pending
[2019.03.31-07.02.51:546][  0]LogPakFile: Registered encryption key '00000000000000000000000000000000': 0 pak files mounted, 0 remain pending
[2019.03.31-07.02.51:562][  0]LogPakFile: Registered encryption key '00000000000000000000000000000000': 0 pak files mounted, 0 remain pending
[2019.03.31-07.02.51:577][  0]LogPakFile: Registered encryption key '00000000000000000000000000000000': 0 pak files mounted, 0 remain pending
[2019.03.31-07.02.51:588][  0]LogPakFile: Registered encryption key '00000000000000000000000000000000': 0 pak files mounted, 0 remain pending
[2019.03.31-07.02.52:685][  0]LogContentBrowser: Native class hierarchy updated for 'AddContentDialog' in 0.0031 seconds. Added 0 classes and 0 folders.
[2019.03.31-07.02.52:757][  0]LogContentBrowser: Native class hierarchy updated for 'SceneOutliner' in 0.0029 seconds. Added 1 classes and 2 folders.
[2019.03.31-07.02.53:916][  0]LogSlate: Took 0.000314 seconds to synchronously load lazily loaded font '../../../Engine/Content/Slate/Fonts/Roboto-Regular.ttf' (155K)
[2019.03.31-07.02.54:731][  0]LogSlate: Took 0.000288 seconds to synchronously load lazily loaded font '../../../Engine/Content/Slate/Fonts/Roboto-Bold.ttf' (160K)
[2019.03.31-07.02.54:797][  0]LogSlate: Took 0.027057 seconds to synchronously load lazily loaded font '../../../Engine/Content/Editor/Slate/Fonts/FontAwesome.ttf' (139K)
[2019.03.31-07.02.55:264][  0]LogRenderer: Reallocating scene render targets to support 1208x504 Format 10 NumSamples 1 (Frame:1).
[2019.03.31-07.02.56:734][  0]LogContentBrowser: Native class hierarchy updated for 'HierarchicalLODOutliner' in 0.0038 seconds. Added 0 classes and 0 folders.
[2019.03.31-07.02.56:735][  0]LogLoad: (Engine Initialization) Total time: 27.73 seconds
[2019.03.31-07.02.56:735][  0]LogLoad: (Engine Initialization) Total Blueprint compile time: 0.00 seconds
[2019.03.31-07.02.56:919][  0]LogContentStreaming: Texture pool size now 1000 MB
[2019.03.31-07.02.57:002][  0]LogSlate: Took 0.019694 seconds to synchronously load lazily loaded font '../../../Engine/Content/Slate/Fonts/Roboto-Light.ttf' (167K)
[2019.03.31-07.02.57:846][  3]LogAssetRegistry: Asset discovery search completed in 20.2970 seconds
[2019.03.31-07.02.57:848][  3]LogCollectionManager: Rebuilt the object cache for 0 collections in 0.000000 seconds (found 0 objects)
[2019.03.31-07.02.57:848][  3]LogCollectionManager: Fixed up redirectors for 0 collections in 0.000079 seconds (updated 0 objects)
[2019.03.31-07.03.18:964][879]LogSlate: FSceneViewport::OnFocusLost() reason 0
[2019.03.31-07.03.19:072][886]LogTemp: Repeating last play command: New Editor Window (PIE)
[2019.03.31-07.03.19:140][886]LogBlueprintUserMessages: Early PlayInEditor Detection: Level '/Game/Demo/Maps/Level_00.Level_00:PersistentLevel' has LevelScriptBlueprint '/Game/Demo/Maps/Level_00.Level_00:PersistentLevel.Level_00' with GeneratedClass '/Game/Demo/Maps/Level_00.Level_00_C' with ClassGeneratedBy '/Game/Demo/Maps/Level_00.Level_00:PersistentLevel.Level_00'
[2019.03.31-07.03.19:166][886]LogPlayLevel: PlayLevel: No blueprints needed recompiling
[2019.03.31-07.03.19:235][886]PIE: New page: PIE session: Level_00 (Mar 30, 2019, 11:03:19 PM)
[2019.03.31-07.03.19:284][886]LogPlayLevel: Creating play world package: /Game/Demo/Maps/UEDPIE_0_Level_00
[2019.03.31-07.03.19:342][886]LogPlayLevel: PIE: StaticDuplicateObject took: (0.057545s)
[2019.03.31-07.03.19:344][886]LogAIModule: Creating AISystem for world Level_00
[2019.03.31-07.03.19:355][886]LogPlayLevel: PIE: World Init took: (0.012920s)
[2019.03.31-07.03.19:355][886]LogPlayLevel: PIE: Created PIE world by copying editor world from /Game/Demo/Maps/Level_00.Level_00 to /Game/Demo/Maps/UEDPIE_0_Level_00.Level_00 (0.071172s)
[2019.03.31-07.03.19:430][886]LogInit: XAudio2 using 'Speakers (Realtek High Definition Audio)' : 2 channels at 48 kHz using 32 bits per sample (channel mask 0x3)
[2019.03.31-07.03.19:452][886]LogInit: FAudioDevice initialized.
[2019.03.31-07.03.19:466][886]LogSlate: Updating window title bar state: overlay mode, drag disabled, window buttons hidden, title bar hidden
[2019.03.31-07.03.19:559][886]LogLoad: Game class is '2DSideScrollerGameMode_C'
[2019.03.31-07.03.19:681][886]LogWorld: Bringing World /Game/Demo/Maps/UEDPIE_0_Level_00.Level_00 up for play (max tick rate 0) at 2019.03.31-03.03.19
[2019.03.31-07.03.19:757][886]LogWorld: Bringing up level for play took: 0.079628
[2019.03.31-07.03.19:903][886]LogContentBrowser: Native class hierarchy updated for 'MovieSceneCapture' in 0.0029 seconds. Added 20 classes and 0 folders.
[2019.03.31-07.03.20:082][886]PIE: Play in editor start time for /Game/Demo/Maps/UEDPIE_0_Level_00 1.125
[2019.03.31-07.03.20:087][886]LogBlueprintUserMessages: Late PlayInEditor Detection: Level '/Game/Demo/Maps/Level_00.Level_00:PersistentLevel' has LevelScriptBlueprint '/Game/Demo/Maps/Level_00.Level_00:PersistentLevel.Level_00' with GeneratedClass '/Game/Demo/Maps/Level_00.Level_00_C' with ClassGeneratedBy '/Game/Demo/Maps/Level_00.Level_00:PersistentLevel.Level_00'
[2019.03.31-07.03.20:389][886]LogRenderer: Reallocating scene render targets to support 1208x684 Format 10 NumSamples 1 (Frame:1).
[2019.03.31-07.03.33:134][109]LogNet: Browse: /Game/Demo/Maps/Level_00
[2019.03.31-07.03.33:185][109]LogLoad: LoadMap: /Game/Demo/Maps/Level_00
[2019.03.31-07.03.33:371][109]LogPlayLevel: Creating play world package: /Game/Demo/Maps/UEDPIE_0_Level_00
[2019.03.31-07.03.33:377][109]LogPlayLevel: PIE: StaticDuplicateObject took: (0.005978s)
[2019.03.31-07.03.33:378][109]LogAIModule: Creating AISystem for world Level_00
[2019.03.31-07.03.33:378][109]LogPlayLevel: PIE: World Init took: (0.000630s)
[2019.03.31-07.03.33:378][109]LogPlayLevel: PIE: Created PIE world by copying editor world from /Game/Demo/Maps/Level_00.Level_00 to /Game/Demo/Maps/UEDPIE_0_Level_00.Level_00 (0.007335s)
[2019.03.31-07.03.33:378][109]LogLoad: Game class is '2DSideScrollerGameMode_C'
[2019.03.31-07.03.33:383][109]LogWorld: Bringing World /Game/Demo/Maps/UEDPIE_0_Level_00.Level_00 up for play (max tick rate 0) at 2019.03.31-03.03.33
[2019.03.31-07.03.33:383][109]LogWorld: Bringing up level for play took: 0.004383
[2019.03.31-07.03.33:399][109]LogLoad: Took 0.213800 seconds to LoadMap(/Game/Demo/Maps/UEDPIE_0_Level_00)
[2019.03.31-07.04.11:592][815]LogBlueprintUserMessages: Early EndPlayMap Detection: Level '/Game/Demo/Maps/Level_00.Level_00:PersistentLevel' has LevelScriptBlueprint '/Game/Demo/Maps/Level_00.Level_00:PersistentLevel.Level_00' with GeneratedClass '/Game/Demo/Maps/Level_00.Level_00_C' with ClassGeneratedBy '/Game/Demo/Maps/Level_00.Level_00:PersistentLevel.Level_00'
[2019.03.31-07.04.11:666][815]LogSlate: Updating window title bar state: overlay mode, drag disabled, window buttons hidden, title bar hidden
[2019.03.31-07.04.11:717][815]LogSlate: Window 'MyProject3B Game Preview Standalone (64-bit/PCD3D_SM5)' being destroyed
[2019.03.31-07.04.11:777][815]LogPlayLevel: Display: Shutting down PIE online subsystems
[2019.03.31-07.04.11:778][815]LogBlueprintUserMessages: Late EndPlayMap Detection: Level '/Game/Demo/Maps/Level_00.Level_00:PersistentLevel' has LevelScriptBlueprint '/Game/Demo/Maps/Level_00.Level_00:PersistentLevel.Level_00' with GeneratedClass '/Game/Demo/Maps/Level_00.Level_00_C' with ClassGeneratedBy '/Game/Demo/Maps/Level_00.Level_00:PersistentLevel.Level_00'
[2019.03.31-07.04.11:951][816]LogPlayLevel: Display: Destroying online subsystem :Context_1
[2019.03.31-07.11.32:760][214]LogSlate: FSceneViewport::OnFocusLost() reason 0
